<?xml version="1.0" encoding="UTF-8"?>
<!-- Generated by org.testng.reporters.JUnitReportReporter -->
<testsuite skipped="0" hostname="ASDP1751PO02529" name="akash.salesforce.NewLeadTest" tests="1" failures="0" timestamp="02 Jan 2020 10:17:14 GMT" time="0.000" errors="0">
  <testcase name="fill_form1" time="0.000" classname="akash.salesforce.NewLeadTest"/>
</testsuite> <!-- akash.salesforce.NewLeadTest -->
